<?xml version="1.0" encoding="UTF-8"?>
<testsuite name="DiskModelTest" tests="4" skipped="0" failures="0" errors="0" timestamp="2024-06-24T16:57:05" hostname="ADURO" time="0.001">
  <properties/>
  <testcase name="testEmptyModel" classname="DiskModelTest" time="0.001"/>
  <testcase name="testAdd1Disk" classname="DiskModelTest" time="0.0"/>
  <testcase name="testAdd2Disks" classname="DiskModelTest" time="0.0"/>
  <testcase name="testAdd3Disks" classname="DiskModelTest" time="0.0"/>
  <system-out><![CDATA[]]></system-out>
  <system-err><![CDATA[]]></system-err>
</testsuite>
